生成启动时间为 2017/12/20 16:10:35。
     1>项目“F:\yzWorkspace\Public\libNetUtil\libNetUtil\libNetUtil.vcxproj”在节点 2 上(Build 个目标)。
     1>C:\Program Files (x86)\MSBuild\Microsoft.Cpp\v4.0\V120\Microsoft.CppBuild.targets(364,5): warning MSB8004: Output Directory does not end with a trailing slash.  This build instance will add the slash as it is required to allow proper evaluation of the Output Directory.
     1>ClCompile:
         C:\Program Files (x86)\Microsoft Visual Studio 12.0\VC\bin\x86_amd64\CL.exe /c /IF:\yzWorkspace\ThirdParty\boost_1_62_0 /Zi /nologo /W3 /WX- /sdl /Od /D WIN32 /D _DEBUG /D _WINDOWS /D _USRDLL /D LIBNETUTIL_EXPORTS /D _CRT_SECURE_NO_WARNINGS /D _WINDLL /D _MBCS /Gm /EHsc /RTC1 /MDd /GS /fp:precise /Zc:wchar_t /Zc:forScope /Yc"stdafx.h" /Fp"x64\Debug\libNetUtil_x64d.pch" /Fo"x64\Debug\\" /Fd"x64\Debug\vc120.pdb" /Gd /TP /errorReport:prompt stdafx.cpp
         stdafx.cpp
         C:\Program Files (x86)\Microsoft Visual Studio 12.0\VC\bin\x86_amd64\CL.exe /c /IF:\yzWorkspace\ThirdParty\boost_1_62_0 /Zi /nologo /W3 /WX- /sdl /Od /D WIN32 /D _DEBUG /D _WINDOWS /D _USRDLL /D LIBNETUTIL_EXPORTS /D _CRT_SECURE_NO_WARNINGS /D _WINDLL /D _MBCS /Gm /EHsc /RTC1 /MDd /GS /fp:precise /Zc:wchar_t /Zc:forScope /Fo"x64\Debug\\" /Fd"x64\Debug\vc120.pdb" /Gd /TP /errorReport:prompt dllmain.cpp
         dllmain.cpp
         C:\Program Files (x86)\Microsoft Visual Studio 12.0\VC\bin\x86_amd64\CL.exe /c /IF:\yzWorkspace\ThirdParty\boost_1_62_0 /Zi /nologo /W3 /WX- /sdl /Od /D WIN32 /D _DEBUG /D _WINDOWS /D _USRDLL /D LIBNETUTIL_EXPORTS /D _CRT_SECURE_NO_WARNINGS /D _WINDLL /D _MBCS /Gm /EHsc /RTC1 /MDd /GS /fp:precise /Zc:wchar_t /Zc:forScope /Fo"x64\Debug\\" /Fd"x64\Debug\vc120.pdb" /Gd /TP /errorReport:prompt libNetUtil.cpp TCPClient.cpp
         TCPClient.cpp
         Please define _WIN32_WINNT or _WIN32_WINDOWS appropriately. For example:
         - add -D_WIN32_WINNT=0x0501 to the compiler command line; or
         - add _WIN32_WINNT=0x0501 to your project's Preprocessor Definitions.
         Assuming _WIN32_WINNT=0x0501 (i.e. Windows XP target).
         libNetUtil.cpp
         正在生成代码...
       Link:
         C:\Program Files (x86)\Microsoft Visual Studio 12.0\VC\bin\x86_amd64\link.exe /ERRORREPORT:PROMPT /OUT:"..\bin\libNetUtil_x64d.dll" /INCREMENTAL /NOLOGO /LIBPATH:"F:\yzWorkspace\ThirdParty\boost_1_62_0\lib64-msvc-12.0" kernel32.lib user32.lib gdi32.lib winspool.lib comdlg32.lib advapi32.lib shell32.lib ole32.lib oleaut32.lib uuid.lib odbc32.lib odbccp32.lib /MANIFEST /MANIFESTUAC:"level='asInvoker' uiAccess='false'" /manifest:embed /DEBUG /PDB:"..\bin\libNetUtil_x64d.pdb" /SUBSYSTEM:CONSOLE /TLBID:1 /DYNAMICBASE /NXCOMPAT /IMPLIB:"..\bin\libNetUtil_x64d.lib" /MACHINE:X64 /DLL x64\Debug\dllmain.obj
         x64\Debug\libNetUtil.obj
         x64\Debug\stdafx.obj
         x64\Debug\TCPClient.obj
         LINK : 没有找到 ..\bin\libNetUtil_x64d.dll 或上一个增量链接没有生成它；正在执行完全链接
            正在创建库 ..\bin\libNetUtil_x64d.lib 和对象 ..\bin\libNetUtil_x64d.exp
         libNetUtil.vcxproj -> F:\yzWorkspace\Public\libNetUtil\libNetUtil\..\bin\libNetUtil_x64d.dll
     1>已完成生成项目“F:\yzWorkspace\Public\libNetUtil\libNetUtil\libNetUtil.vcxproj”(Build 个目标)的操作。

生成成功。

已用时间 00:00:05.44
